
2025-12-19  v.23.6  !!! JAVA 21-27 !!! 
  - recompiled with option: --reliase 21 ;
  - tested with JAVA: 21,22,25,27 (https://jdk.java.net/27 -Early-Access Build);
  - s3d: bring texts to front ;
  - pik3d_DOC.html:
    - the section "Creating Launcher: general case" is improved;
    - new section "Build your own JDK+FX assembly"  is added .

2025-12-16  v.23.5  !!! move to JAVA-25 !!! 
  - crex -"CReate EXecutable": compiled File.jj --> File.java
    has no package( default package ) ; 
  - jj-preprocessor:
    - use javac v.25.0.1 ;
	- small changes related to JAVA-25 ;
  - pik3d_DOC.html: changes related to JAVA-25 .

2025-12-10  v.23.4
  - command crex: unnecessary warning is removed .

2025-12-07  v.23.4
  - command: crex -"CReate EXecutable":
    - create standard launcher (from jj-files) with: package usr;
    - can create launcher with any package( even with out it ).
  - command: adzip -"Add to ZIP": correct work in Linux ;
  - pik3d_DOC.html: small changes ;
  - jj-preprocessor:
    - fixed some problems with input from stdin ;
	-"jj F.java /c" compile with javac option:  -proc:-full  (annotation).

2025-12-01  v.23.3
  - pik3d_DOC.html: extended section: "Creating a Launcher: general case";
  - fixed problem in run.jar( Linux ).

2025-11-22  version 23.3
  - pik3d_DOC.html new section: "Creating a Launcher: general case";
  - pik3d/usr/scal.java - new example .

2025-11-18  version 23.3
  - new pik3d commands:
    - crex  -"CReate EXecutable" Launcher - simple way: java --> .exe ;
    - adzip - add Files to ZIP ;
  - pik3d_DOC.html is reorganized .

2025-11-09  version 23.2
  - jj-preprocessor & executor: 
	- added Macro Substitution with Request, see: pik3d_DOC.html.

2025-11-06  version 23.1.1
  - jj-preprocessor & executor:
	- fix utf-8 BOM problem in Linux version ;
	- fix execute OS-command exec.: $ #cmd .

2025-11-04  version 23.1
  - jj-preprocessor & executor:
    - command: $ OS-commands //execute applications, pipes, shell-cmd;
        - support of &(&&-Linux), |, >, >> ;
        - shell-commands: cmd in Windows, Bash in Linux ;		
    - extention with short functions:  p()=pow()="x^y",  e()=exp() ;
	- correct processing of the text blocks: """ text block... """ ;
	- fix Macro Substitution: #p/default# ;
	- fix of the indentation errors ;
	- small fixes in jj-library: pik3d/usr/*.jj .
	
  - added matrix operations:
    - corr - auto correlation matrix ;
    - ata  - transp( A ) * A ;
	- meanc - mean values of columns ;
	- submeanc - subtract column mean values ;
	- sr  = "Stack Row" ;
	- sks = "Stack + k*Stack" ;
	- fmt and tt are added new key: /r -"print row number";
	
  - new pik.io methods: getKbd(), getSTi(), stdin() - see: pik3d_DOC.html;
  - command: farg is replaced by pl-"Print Lines";
  - small fixes in pik.jar( input/output );
  - pik3d_DOC.html is reorganized .

2025-09-15  version 23
  - jj-preprocessor is extended with execution of OS-commands and pipe-lines,
    this feature alows use it as batch file with control on JAVA !
  - fix files permitions in demo folder ;
  - small fixes in pik.jar( input/output ).

2025-09-07  version 22.3.2,
  - revert to Apache Math.Library v.3.61 (from 4.0 beta);
  - commands:  fmt, tt  are fixed for proper operation in pipe-line.

2025-07-09  version 22.3.1
  - 2d-graphics( pik.jar ): fix Zoom operation, Zoom always on top ;

2025-07-07  version 22.3
  - 2d-graphics( pik.jar ): several fixes in  Cursor Lines  and  Zoom ;
  - jj is added new key: /n=name - define output file name (default: Noname)
    for case: jj "cmd1; cmd2..." /s /n=file ;
  - description: how to make a simple Launcher is added to pik3d_DOC.html;
  - correct some demo .

2025-02-13  version 22.2
  - completely redesigned regression building technology ;
  - redesigned section of the Help  and  new  demo-folder: regression ;
  - added new commands: matrix join and farg( to create Argument Files );
  - s3d,b3d: added ability to load and ON/off: Points, Lines, Body;
  - s3d,b3d: added config. setting: head - text in the top left corner;
  - jj: added new short function: rn1() - uniform  random [-1,1];
  -                               gau() - Gaussian random: m=0, sigma=.5; 
  - fixed and extended some sections in the Help ;
  - several bugs are fixed in library: s3d.jar, pik.jar.

2024-11-17  version 22.1.1
  - fix memory error in jj.exe;
  - jj-methods to calculate Frame and Stack: pik3d/usr/Fx.jj | Fxyt;
  - <Ctrl+k> replaced by <Alt+F> - Frames per Second dialog;
  - correct some demo in Linux version.

2024-11-05  version 22.1
  - jj-preprocessor has been extended with macro substitution,
    see: pik3d_DOC.html, pik3d/usr/Fx.jj ;
  - small fixes in s3d.jar, pik.jar .

2024-10-31  version 22.0
  - s3d:
    - 2 modes to render Surface: "Smooth", "bar-View", switch: <F4> ;
    - added grid to lower axes ;
    - the ability to set subject coordinates: <Ctrl+X> ;
    - the ability to remove "Map": <Alt+M> ;
    - the ability to add 3d-Points and 3d-Body to the 3d-scene ;
	- extended config.( almost all parameters have been changed );
    - mesuremts on the "Map" only after "Map Down";
	- Help: all new features are described .
    - known bugs of the input/output are fixed .

2024-07-26  version 21.2.1
  - 2d-graphics: improved interaction between Hot Points and Cursor Lines.

2024-07-12  version 21.2
  - The functionality of the mouse/keyboard in 2d-graphics has been expanded:
    - Cursor Lines (can be turned on/off)
    - Fine-tune the cursor position using the arrow keys
  - several bugs are fixed .

...
